  Administrator.cpp
  Date.cpp
  FileWorker.cpp
C:\Users\User\Desktop\ProgectForOOP\ProjectForOPP\ProjectForOOP\FileWorker.cpp(30,6): warning C4101: usersCount: неиспользованная локальная переменная
  Member.cpp
C:\Users\User\Desktop\ProgectForOOP\ProjectForOPP\ProjectForOOP\Member.cpp(79,25): warning C4018: >=: несоответствие типов со знаком и без знака
C:\Users\User\Desktop\ProgectForOOP\ProjectForOPP\ProjectForOOP\Member.cpp(91,25): warning C4018: >=: несоответствие типов со знаком и без знака
C:\Users\User\Desktop\ProgectForOOP\ProjectForOPP\ProjectForOOP\Member.cpp(112,23): warning C4018: >: несоответствие типов со знаком и без знака
C:\Users\User\Desktop\ProgectForOOP\ProjectForOPP\ProjectForOOP\Member.cpp(113,18): warning C4018: >: несоответствие типов со знаком и без знака
C:\Users\User\Desktop\ProgectForOOP\ProjectForOPP\ProjectForOOP\Member.cpp(114,19): warning C4018: >: несоответствие типов со знаком и без знака
C:\Users\User\Desktop\ProgectForOOP\ProjectForOPP\ProjectForOOP\Member.cpp(115,19): warning C4018: >: несоответствие типов со знаком и без знака
C:\Users\User\Desktop\ProgectForOOP\ProjectForOPP\ProjectForOOP\Member.cpp(116,29): warning C4018: >: несоответствие типов со знаком и без знака
C:\Users\User\Desktop\ProgectForOOP\ProjectForOPP\ProjectForOOP\Member.cpp(117,26): warning C4018: >: несоответствие типов со знаком и без знака
C:\Users\User\Desktop\ProgectForOOP\ProjectForOPP\ProjectForOOP\Member.cpp(118,20): warning C4018: >: несоответствие типов со знаком и без знака
C:\Users\User\Desktop\ProgectForOOP\ProjectForOPP\ProjectForOOP\Member.cpp(178,20): warning C4018: <: несоответствие типов со знаком и без знака
C:\Users\User\Desktop\ProgectForOOP\ProjectForOPP\ProjectForOOP\Member.cpp(184,22): warning C4018: <: несоответствие типов со знаком и без знака
  Menu.cpp
C:\Users\User\Desktop\ProgectForOOP\ProjectForOPP\ProjectForOOP\Menu.cpp(349,20): warning C4018: <: несоответствие типов со знаком и без знака
  ProjectForOOP.cpp
  Создание кода...
  ProjectForOOP.vcxproj -> C:\Users\User\Desktop\ProgectForOOP\ProjectForOPP\Debug\ProjectForOOP.exe
